[0.366s] Invoking command in '/home/fukuda/ros2_ws/src/mypkg': PYTHONPATH=/home/fukuda/ros2_ws/src/mypkg/install/mypkg/lib/python3.8/site-packages:${PYTHONPATH} /usr/bin/python3 setup.py egg_info --egg-base build/mypkg build --build-base /home/fukuda/ros2_ws/src/mypkg/build/mypkg/build install --prefix /home/fukuda/ros2_ws/src/mypkg/install/mypkg --record /home/fukuda/ros2_ws/src/mypkg/build/mypkg/install.log --single-version-externally-managed
[0.474s] running egg_info
[0.474s] creating build/mypkg/mypkg.egg-info
[0.474s] writing build/mypkg/mypkg.egg-info/PKG-INFO
[0.474s] writing dependency_links to build/mypkg/mypkg.egg-info/dependency_links.txt
[0.474s] writing entry points to build/mypkg/mypkg.egg-info/entry_points.txt
[0.475s] writing requirements to build/mypkg/mypkg.egg-info/requires.txt
[0.475s] writing top-level names to build/mypkg/mypkg.egg-info/top_level.txt
[0.475s] writing manifest file 'build/mypkg/mypkg.egg-info/SOURCES.txt'
[0.495s] reading manifest file 'build/mypkg/mypkg.egg-info/SOURCES.txt'
[0.495s] writing manifest file 'build/mypkg/mypkg.egg-info/SOURCES.txt'
[0.495s] running build
[0.495s] running build_py
[0.496s] creating /home/fukuda/ros2_ws/src/mypkg/build/mypkg/build
[0.496s] creating /home/fukuda/ros2_ws/src/mypkg/build/mypkg/build/lib
[0.496s] creating /home/fukuda/ros2_ws/src/mypkg/build/mypkg/build/lib/mypkg
[0.496s] copying mypkg/talker.py -> /home/fukuda/ros2_ws/src/mypkg/build/mypkg/build/lib/mypkg
[0.496s] copying mypkg/listener.py -> /home/fukuda/ros2_ws/src/mypkg/build/mypkg/build/lib/mypkg
[0.496s] copying mypkg/__init__.py -> /home/fukuda/ros2_ws/src/mypkg/build/mypkg/build/lib/mypkg
[0.497s] running install
[0.497s] running install_lib
[0.497s] creating /home/fukuda/ros2_ws/src/mypkg/install/mypkg/lib/python3.8/site-packages/mypkg
[0.497s] copying /home/fukuda/ros2_ws/src/mypkg/build/mypkg/build/lib/mypkg/talker.py -> /home/fukuda/ros2_ws/src/mypkg/install/mypkg/lib/python3.8/site-packages/mypkg
[0.497s] copying /home/fukuda/ros2_ws/src/mypkg/build/mypkg/build/lib/mypkg/listener.py -> /home/fukuda/ros2_ws/src/mypkg/install/mypkg/lib/python3.8/site-packages/mypkg
[0.497s] copying /home/fukuda/ros2_ws/src/mypkg/build/mypkg/build/lib/mypkg/__init__.py -> /home/fukuda/ros2_ws/src/mypkg/install/mypkg/lib/python3.8/site-packages/mypkg
[0.498s] byte-compiling /home/fukuda/ros2_ws/src/mypkg/install/mypkg/lib/python3.8/site-packages/mypkg/talker.py to talker.cpython-38.pyc
[0.499s] byte-compiling /home/fukuda/ros2_ws/src/mypkg/install/mypkg/lib/python3.8/site-packages/mypkg/listener.py to listener.cpython-38.pyc
[0.499s] byte-compiling /home/fukuda/ros2_ws/src/mypkg/install/mypkg/lib/python3.8/site-packages/mypkg/__init__.py to __init__.cpython-38.pyc
[0.499s] running install_data
[0.499s] creating /home/fukuda/ros2_ws/src/mypkg/install/mypkg/share/ament_index
[0.499s] creating /home/fukuda/ros2_ws/src/mypkg/install/mypkg/share/ament_index/resource_index
[0.499s] creating /home/fukuda/ros2_ws/src/mypkg/install/mypkg/share/ament_index/resource_index/packages
[0.499s] copying resource/mypkg -> /home/fukuda/ros2_ws/src/mypkg/install/mypkg/share/ament_index/resource_index/packages
[0.500s] copying package.xml -> /home/fukuda/ros2_ws/src/mypkg/install/mypkg/share/mypkg
[0.500s] running install_egg_info
[0.500s] Copying build/mypkg/mypkg.egg-info to /home/fukuda/ros2_ws/src/mypkg/install/mypkg/lib/python3.8/site-packages/mypkg-0.0.0-py3.8.egg-info
[0.501s] running install_scripts
[0.511s] Installing listener script to /home/fukuda/ros2_ws/src/mypkg/install/mypkg/lib/mypkg
[0.512s] Installing talker script to /home/fukuda/ros2_ws/src/mypkg/install/mypkg/lib/mypkg
[0.512s] writing list of installed files to '/home/fukuda/ros2_ws/src/mypkg/build/mypkg/install.log'
[0.528s] Invoked command in '/home/fukuda/ros2_ws/src/mypkg' returned '0': PYTHONPATH=/home/fukuda/ros2_ws/src/mypkg/install/mypkg/lib/python3.8/site-packages:${PYTHONPATH} /usr/bin/python3 setup.py egg_info --egg-base build/mypkg build --build-base /home/fukuda/ros2_ws/src/mypkg/build/mypkg/build install --prefix /home/fukuda/ros2_ws/src/mypkg/install/mypkg --record /home/fukuda/ros2_ws/src/mypkg/build/mypkg/install.log --single-version-externally-managed
