[0.366s] Invoking command in '/home/fukuda/ros2_ws/src/mypkg': PYTHONPATH=/home/fukuda/ros2_ws/src/mypkg/install/mypkg/lib/python3.8/site-packages:${PYTHONPATH} /usr/bin/python3 setup.py egg_info --egg-base build/mypkg build --build-base /home/fukuda/ros2_ws/src/mypkg/build/mypkg/build install --prefix /home/fukuda/ros2_ws/src/mypkg/install/mypkg --record /home/fukuda/ros2_ws/src/mypkg/build/mypkg/install.log --single-version-externally-managed
[0.485s] running egg_info
[0.485s] writing build/mypkg/mypkg.egg-info/PKG-INFO
[0.485s] writing dependency_links to build/mypkg/mypkg.egg-info/dependency_links.txt
[0.485s] writing entry points to build/mypkg/mypkg.egg-info/entry_points.txt
[0.485s] writing requirements to build/mypkg/mypkg.egg-info/requires.txt
[0.485s] writing top-level names to build/mypkg/mypkg.egg-info/top_level.txt
[0.506s] reading manifest file 'build/mypkg/mypkg.egg-info/SOURCES.txt'
[0.507s] writing manifest file 'build/mypkg/mypkg.egg-info/SOURCES.txt'
[0.507s] running build
[0.507s] running build_py
[0.507s] copying mypkg/listener.py -> /home/fukuda/ros2_ws/src/mypkg/build/mypkg/build/lib/mypkg
[0.507s] running install
[0.508s] running install_lib
[0.508s] copying /home/fukuda/ros2_ws/src/mypkg/build/mypkg/build/lib/mypkg/listener.py -> /home/fukuda/ros2_ws/src/mypkg/install/mypkg/lib/python3.8/site-packages/mypkg
[0.509s] byte-compiling /home/fukuda/ros2_ws/src/mypkg/install/mypkg/lib/python3.8/site-packages/mypkg/listener.py to listener.cpython-38.pyc
[0.509s] running install_data
[0.510s] running install_egg_info
[0.511s] removing '/home/fukuda/ros2_ws/src/mypkg/install/mypkg/lib/python3.8/site-packages/mypkg-0.0.0-py3.8.egg-info' (and everything under it)
[0.511s] Copying build/mypkg/mypkg.egg-info to /home/fukuda/ros2_ws/src/mypkg/install/mypkg/lib/python3.8/site-packages/mypkg-0.0.0-py3.8.egg-info
[0.511s] running install_scripts
[0.521s] Installing listener script to /home/fukuda/ros2_ws/src/mypkg/install/mypkg/lib/mypkg
[0.521s] Installing talker script to /home/fukuda/ros2_ws/src/mypkg/install/mypkg/lib/mypkg
[0.522s] writing list of installed files to '/home/fukuda/ros2_ws/src/mypkg/build/mypkg/install.log'
[0.538s] Invoked command in '/home/fukuda/ros2_ws/src/mypkg' returned '0': PYTHONPATH=/home/fukuda/ros2_ws/src/mypkg/install/mypkg/lib/python3.8/site-packages:${PYTHONPATH} /usr/bin/python3 setup.py egg_info --egg-base build/mypkg build --build-base /home/fukuda/ros2_ws/src/mypkg/build/mypkg/build install --prefix /home/fukuda/ros2_ws/src/mypkg/install/mypkg --record /home/fukuda/ros2_ws/src/mypkg/build/mypkg/install.log --single-version-externally-managed
